{
  "RSpec": {
    "coverage": {
      "/Users/Kel/Documents/dev/git/inspirations/app/helpers/application_helper.rb": [
        1,
        null
      ],
      "/Users/Kel/Documents/dev/git/inspirations/app/controllers/categories_controller.rb": [
        null,
        null,
        1,
        1,
        3,
        null,
        null
      ],
      "/Users/Kel/Documents/dev/git/inspirations/app/controllers/application_controller.rb": [
        1,
        null,
        null,
        1,
        null
      ],
      "/Users/Kel/Documents/dev/git/inspirations/app/controllers/quotes_controller.rb": [
        null,
        null,
        1,
        null,
        1,
        3,
        3,
        3,
        null,
        null
      ],
      "/Users/Kel/Documents/dev/git/inspirations/app/models/author.rb": [
        null,
        null,
        1,
        1,
        null,
        1,
        null
      ],
      "/Users/Kel/Documents/dev/git/inspirations/app/models/category.rb": [
        null,
        null,
        1,
        1,
        null,
        1,
        null
      ],
      "/Users/Kel/Documents/dev/git/inspirations/app/models/quote.rb": [
        null,
        null,
        1,
        1,
        1,
        null,
        1,
        null
      ]
    },
    "timestamp": 1549076974
  }
}
