{
  "RSpec": {
    "coverage": {
      "/Users/Kel/Documents/dev/git/inspirations/app/helpers/application_helper.rb": [
        1,
        null
      ],
      "/Users/Kel/Documents/dev/git/inspirations/app/models/author.rb": [
        1,
        1,
        null,
        1,
        null
      ],
      "/Users/Kel/Documents/dev/git/inspirations/app/models/category.rb": [
        1,
        1,
        null,
        1,
        null
      ],
      "/Users/Kel/Documents/dev/git/inspirations/app/models/quote.rb": [
        1,
        1,
        null,
        1,
        1,
        null
      ]
    },
    "timestamp": 1439863969
  }
}
